2025-11-01 20:04:39.0770 - INFO - graphrag.cli.prompt_tune - Starting prompt tune.
2025-11-01 20:04:39.0770 - INFO - graphrag.cli.prompt_tune - Using default configuration: {
    "root_dir": "/home/granite/adk_test/generated_text_docs",
    "models": {
        "default_chat_model": {
            "api_key": "==== REDACTED ====",
            "auth_type": "api_key",
            "type": "chat",
            "model_provider": "openai",
            "model": "qwen3:14b",
            "encoding_model": "",
            "api_base": "http://localhost:11434/v1",
            "api_version": null,
            "deployment_name": null,
            "proxy": null,
            "audience": null,
            "model_supports_json": true,
            "request_timeout": 180.0,
            "tokens_per_minute": null,
            "requests_per_minute": null,
            "rate_limit_strategy": "static",
            "retry_strategy": "exponential_backoff",
            "max_retries": 10,
            "max_retry_wait": 10.0,
            "concurrent_requests": 25,
            "async_mode": "threaded",
            "responses": null,
            "max_tokens": null,
            "temperature": 0,
            "max_completion_tokens": null,
            "reasoning_effort": null,
            "top_p": 1,
            "n": 1,
            "frequency_penalty": 0.0,
            "presence_penalty": 0.0
        },
        "default_embedding_model": {
            "api_key": "==== REDACTED ====",
            "auth_type": "api_key",
            "type": "embedding",
            "model_provider": "openai",
            "model": "nomic-embed-text",
            "encoding_model": "",
            "api_base": "http://localhost:11434/v1",
            "api_version": null,
            "deployment_name": null,
            "proxy": null,
            "audience": null,
            "model_supports_json": null,
            "request_timeout": 180.0,
            "tokens_per_minute": null,
            "requests_per_minute": null,
            "rate_limit_strategy": "static",
            "retry_strategy": "exponential_backoff",
            "max_retries": 10,
            "max_retry_wait": 10.0,
            "concurrent_requests": 25,
            "async_mode": "threaded",
            "responses": null,
            "max_tokens": null,
            "temperature": 0,
            "max_completion_tokens": null,
            "reasoning_effort": null,
            "top_p": 1,
            "n": 1,
            "frequency_penalty": 0.0,
            "presence_penalty": 0.0
        }
    },
    "input": {
        "storage": {
            "type": "file",
            "base_dir": "/home/granite/adk_test/generated_text_docs/input",
            "storage_account_blob_url": null,
            "cosmosdb_account_url": null
        },
        "file_type": "text",
        "encoding": "utf-8",
        "file_pattern": ".*\\.txt$",
        "file_filter": null,
        "text_column": "text",
        "title_column": null,
        "metadata": null
    },
    "chunks": {
        "size": 1200,
        "overlap": 100,
        "group_by_columns": [
            "id"
        ],
        "strategy": "tokens",
        "encoding_model": "cl100k_base",
        "prepend_metadata": false,
        "chunk_size_includes_metadata": false
    },
    "output": {
        "type": "file",
        "base_dir": "/home/granite/adk_test/generated_text_docs/output",
        "storage_account_blob_url": null,
        "cosmosdb_account_url": null
    },
    "outputs": null,
    "update_index_output": {
        "type": "file",
        "base_dir": "/home/granite/adk_test/generated_text_docs/update_output",
        "storage_account_blob_url": null,
        "cosmosdb_account_url": null
    },
    "cache": {
        "type": "file",
        "base_dir": "cache",
        "storage_account_blob_url": null,
        "cosmosdb_account_url": null
    },
    "reporting": {
        "type": "file",
        "base_dir": "/home/granite/adk_test/generated_text_docs/logs",
        "storage_account_blob_url": null
    },
    "vector_store": {
        "default_vector_store": {
            "type": "lancedb",
            "db_uri": "/home/granite/adk_test/generated_text_docs/output/lancedb",
            "url": null,
            "audience": null,
            "container_name": "==== REDACTED ====",
            "database_name": null,
            "overwrite": true,
            "embeddings_schema": {}
        }
    },
    "workflows": null,
    "embed_text": {
        "model_id": "default_embedding_model",
        "vector_store_id": "default_vector_store",
        "batch_size": 16,
        "batch_max_tokens": 8191,
        "names": [
            "entity.description",
            "community.full_content",
            "text_unit.text"
        ],
        "strategy": null
    },
    "extract_graph": {
        "model_id": "default_chat_model",
        "prompt": "prompts/extract_graph.txt",
        "entity_types": [
            "organization",
            "person",
            "geo",
            "event"
        ],
        "max_gleanings": 1,
        "strategy": null
    },
    "summarize_descriptions": {
        "model_id": "default_chat_model",
        "prompt": "prompts/summarize_descriptions.txt",
        "max_length": 500,
        "max_input_tokens": 4000,
        "strategy": null
    },
    "extract_graph_nlp": {
        "normalize_edge_weights": true,
        "text_analyzer": {
            "extractor_type": "regex_english",
            "model_name": "en_core_web_md",
            "max_word_length": 15,
            "word_delimiter": " ",
            "include_named_entities": true,
            "exclude_nouns": [
                "stuff",
                "thing",
                "things",
                "bunch",
                "bit",
                "bits",
                "people",
                "person",
                "okay",
                "hey",
                "hi",
                "hello",
                "laughter",
                "oh"
            ],
            "exclude_entity_tags": [
                "DATE"
            ],
            "exclude_pos_tags": [
                "DET",
                "PRON",
                "INTJ",
                "X"
            ],
            "noun_phrase_tags": [
                "PROPN",
                "NOUNS"
            ],
            "noun_phrase_grammars": {
                "PROPN,PROPN": "PROPN",
                "NOUN,NOUN": "NOUNS",
                "NOUNS,NOUN": "NOUNS",
                "ADJ,ADJ": "ADJ",
                "ADJ,NOUN": "NOUNS"
            }
        },
        "concurrent_requests": 25,
        "async_mode": "threaded"
    },
    "prune_graph": {
        "min_node_freq": 2,
        "max_node_freq_std": null,
        "min_node_degree": 1,
        "max_node_degree_std": null,
        "min_edge_weight_pct": 40.0,
        "remove_ego_nodes": true,
        "lcc_only": false
    },
    "cluster_graph": {
        "max_cluster_size": 10,
        "use_lcc": true,
        "seed": 3735928559
    },
    "extract_claims": {
        "enabled": false,
        "model_id": "default_chat_model",
        "prompt": "prompts/extract_claims.txt",
        "description": "Any claims or facts that could be relevant to information discovery.",
        "max_gleanings": 1,
        "strategy": null
    },
    "community_reports": {
        "model_id": "default_chat_model",
        "graph_prompt": "prompts/community_report_graph.txt",
        "text_prompt": "prompts/community_report_text.txt",
        "max_length": 2000,
        "max_input_length": 8000,
        "strategy": null
    },
    "embed_graph": {
        "enabled": false,
        "dimensions": 1536,
        "num_walks": 10,
        "walk_length": 40,
        "window_size": 2,
        "iterations": 3,
        "random_seed": 597832,
        "use_lcc": true
    },
    "umap": {
        "enabled": false
    },
    "snapshots": {
        "embeddings": false,
        "graphml": false,
        "raw_graph": false
    },
    "local_search": {
        "prompt": "prompts/local_search_system_prompt.txt",
        "chat_model_id": "default_chat_model",
        "embedding_model_id": "default_embedding_model",
        "text_unit_prop": 0.5,
        "community_prop": 0.15,
        "conversation_history_max_turns": 5,
        "top_k_entities": 10,
        "top_k_relationships": 10,
        "max_context_tokens": 12000
    },
    "global_search": {
        "map_prompt": "prompts/global_search_map_system_prompt.txt",
        "reduce_prompt": "prompts/global_search_reduce_system_prompt.txt",
        "chat_model_id": "default_chat_model",
        "knowledge_prompt": "prompts/global_search_knowledge_system_prompt.txt",
        "max_context_tokens": 12000,
        "data_max_tokens": 12000,
        "map_max_length": 1000,
        "reduce_max_length": 2000,
        "dynamic_search_threshold": 1,
        "dynamic_search_keep_parent": false,
        "dynamic_search_num_repeats": 1,
        "dynamic_search_use_summary": false,
        "dynamic_search_max_level": 2
    },
    "drift_search": {
        "prompt": "prompts/drift_search_system_prompt.txt",
        "reduce_prompt": "prompts/drift_search_reduce_prompt.txt",
        "chat_model_id": "default_chat_model",
        "embedding_model_id": "default_embedding_model",
        "data_max_tokens": 12000,
        "reduce_max_tokens": null,
        "reduce_temperature": 0,
        "reduce_max_completion_tokens": null,
        "concurrency": 32,
        "drift_k_followups": 20,
        "primer_folds": 5,
        "primer_llm_max_tokens": 12000,
        "n_depth": 3,
        "local_search_text_unit_prop": 0.9,
        "local_search_community_prop": 0.1,
        "local_search_top_k_mapped_entities": 10,
        "local_search_top_k_relationships": 10,
        "local_search_max_data_tokens": 12000,
        "local_search_temperature": 0,
        "local_search_top_p": 1,
        "local_search_n": 1,
        "local_search_llm_max_gen_tokens": null,
        "local_search_llm_max_gen_completion_tokens": null
    },
    "basic_search": {
        "prompt": "prompts/basic_search_system_prompt.txt",
        "chat_model_id": "default_chat_model",
        "embedding_model_id": "default_embedding_model",
        "k": 10,
        "max_context_tokens": 12000
    }
}
2025-11-01 20:04:39.0771 - INFO - graphrag.api.prompt_tune - Chunking documents...
2025-11-01 20:04:39.0771 - INFO - graphrag.storage.file_pipeline_storage - Creating file storage at /home/granite/adk_test/generated_text_docs/input
2025-11-01 20:04:39.0771 - INFO - graphrag.index.input.factory - loading input from root_dir=/home/granite/adk_test/generated_text_docs/input
2025-11-01 20:04:39.0771 - INFO - graphrag.index.input.factory - Loading Input InputFileType.text
2025-11-01 20:04:39.0771 - INFO - graphrag.storage.file_pipeline_storage - search /home/granite/adk_test/generated_text_docs/input for files matching .*\.txt$
2025-11-01 20:04:39.0776 - INFO - graphrag.index.input.util - Found 9 InputFileType.text files, loading 9
2025-11-01 20:04:39.0777 - INFO - graphrag.index.input.util - Total number of unfiltered text rows: 9
2025-11-01 20:04:39.0779 - INFO - graphrag.index.workflows.create_base_text_units - Starting chunking process for 9 documents
2025-11-01 20:04:39.0780 - INFO - graphrag.index.workflows.create_base_text_units - chunker progress:  1/9
2025-11-01 20:04:39.0781 - INFO - graphrag.index.workflows.create_base_text_units - chunker progress:  2/9
2025-11-01 20:04:39.0782 - INFO - graphrag.index.workflows.create_base_text_units - chunker progress:  3/9
2025-11-01 20:04:39.0782 - INFO - graphrag.index.workflows.create_base_text_units - chunker progress:  4/9
2025-11-01 20:04:39.0783 - INFO - graphrag.index.workflows.create_base_text_units - chunker progress:  5/9
2025-11-01 20:04:39.0784 - INFO - graphrag.index.workflows.create_base_text_units - chunker progress:  6/9
2025-11-01 20:04:39.0785 - INFO - graphrag.index.workflows.create_base_text_units - chunker progress:  7/9
2025-11-01 20:04:39.0785 - INFO - graphrag.index.workflows.create_base_text_units - chunker progress:  8/9
2025-11-01 20:04:39.0786 - INFO - graphrag.index.workflows.create_base_text_units - chunker progress:  9/9
2025-11-01 20:04:39.0788 - INFO - graphrag.api.prompt_tune - Retrieving language model configuration...
2025-11-01 20:04:39.0788 - INFO - graphrag.api.prompt_tune - Creating language model...
2025-11-01 20:04:39.0788 - INFO - graphrag.api.prompt_tune - Generating domain...
2025-11-01 20:06:07.0006 - INFO - graphrag.api.prompt_tune - Detecting language...
2025-11-01 20:06:55.0395 - INFO - graphrag.api.prompt_tune - Generating persona...
2025-11-01 20:07:22.0964 - INFO - graphrag.api.prompt_tune - Generating community report ranking description...
2025-11-01 20:09:34.0038 - INFO - graphrag.api.prompt_tune - Generating entity types...
2025-11-01 20:10:39.0005 - INFO - graphrag.api.prompt_tune - Generating entity relationship examples...
2025-11-01 20:20:30.0037 - ERROR - graphrag.language_model.providers.litellm.services.retry.exponential_retry - ExponentialRetry: Request failed, retrying, retries=1, delay=2.0, max_retries=10, exception=litellm.Timeout: APITimeoutError - Request timed out. Error_str: Request timed out. - timeout value=180.0, time taken=591.0 seconds
Traceback (most recent call last):
  File "/home/granite/adk_test/adk_venv/lib/python3.10/site-packages/litellm/llms/custom_httpx/aiohttp_transport.py", line 59, in map_aiohttp_exceptions
    yield
  File "/home/granite/adk_test/adk_venv/lib/python3.10/site-packages/litellm/llms/custom_httpx/aiohttp_transport.py", line 272, in handle_async_request
    response = await self._make_aiohttp_request(
  File "/home/granite/adk_test/adk_venv/lib/python3.10/site-packages/litellm/llms/custom_httpx/aiohttp_transport.py", line 239, in _make_aiohttp_request
    response = await client_session.request(
  File "/home/granite/adk_test/adk_venv/lib/python3.10/site-packages/aiohttp/client.py", line 1488, in __aenter__
    self._resp: _RetType = await self._coro
  File "/home/granite/adk_test/adk_venv/lib/python3.10/site-packages/aiohttp/client.py", line 770, in _request
    resp = await handler(req)
  File "/home/granite/adk_test/adk_venv/lib/python3.10/site-packages/aiohttp/client.py", line 748, in _connect_and_send_request
    await resp.start(conn)
  File "/home/granite/adk_test/adk_venv/lib/python3.10/site-packages/aiohttp/client_reqrep.py", line 532, in start
    message, payload = await protocol.read()  # type: ignore[union-attr]
  File "/home/granite/adk_test/adk_venv/lib/python3.10/site-packages/aiohttp/streams.py", line 672, in read
    await self._waiter
aiohttp.client_exceptions.SocketTimeoutError: Timeout on reading data from socket

The above exception was the direct cause of the following exception:

Traceback (most recent call last):
  File "/home/granite/adk_test/adk_venv/lib/python3.10/site-packages/openai/_base_client.py", line 1529, in request
    response = await self._client.send(
  File "/home/granite/adk_test/adk_venv/lib/python3.10/site-packages/httpx/_client.py", line 1629, in send
    response = await self._send_handling_auth(
  File "/home/granite/adk_test/adk_venv/lib/python3.10/site-packages/httpx/_client.py", line 1657, in _send_handling_auth
    response = await self._send_handling_redirects(
  File "/home/granite/adk_test/adk_venv/lib/python3.10/site-packages/httpx/_client.py", line 1694, in _send_handling_redirects
    response = await self._send_single_request(request)
  File "/home/granite/adk_test/adk_venv/lib/python3.10/site-packages/httpx/_client.py", line 1730, in _send_single_request
    response = await transport.handle_async_request(request)
  File "/home/granite/adk_test/adk_venv/lib/python3.10/site-packages/litellm/llms/custom_httpx/aiohttp_transport.py", line 271, in handle_async_request
    with map_aiohttp_exceptions():
  File "/usr/lib/python3.10/contextlib.py", line 153, in __exit__
    self.gen.throw(typ, value, traceback)
  File "/home/granite/adk_test/adk_venv/lib/python3.10/site-packages/litellm/llms/custom_httpx/aiohttp_transport.py", line 73, in map_aiohttp_exceptions
    raise mapped_exc(message) from exc
httpx.ReadTimeout: Timeout on reading data from socket

The above exception was the direct cause of the following exception:

Traceback (most recent call last):
  File "/home/granite/adk_test/adk_venv/lib/python3.10/site-packages/litellm/llms/openai/openai.py", line 823, in acompletion
    headers, response = await self.make_openai_chat_completion_request(
  File "/home/granite/adk_test/adk_venv/lib/python3.10/site-packages/litellm/litellm_core_utils/logging_utils.py", line 190, in async_wrapper
    result = await func(*args, **kwargs)
  File "/home/granite/adk_test/adk_venv/lib/python3.10/site-packages/litellm/llms/openai/openai.py", line 452, in make_openai_chat_completion_request
    raise e
  File "/home/granite/adk_test/adk_venv/lib/python3.10/site-packages/litellm/llms/openai/openai.py", line 436, in make_openai_chat_completion_request
    await openai_aclient.chat.completions.with_raw_response.create(
  File "/home/granite/adk_test/adk_venv/lib/python3.10/site-packages/openai/_legacy_response.py", line 381, in wrapped
    return cast(LegacyAPIResponse[R], await func(*args, **kwargs))
  File "/home/granite/adk_test/adk_venv/lib/python3.10/site-packages/openai/resources/chat/completions/completions.py", line 2583, in create
    return await self._post(
  File "/home/granite/adk_test/adk_venv/lib/python3.10/site-packages/openai/_base_client.py", line 1794, in post
    return await self.request(cast_to, opts, stream=stream, stream_cls=stream_cls)
  File "/home/granite/adk_test/adk_venv/lib/python3.10/site-packages/openai/_base_client.py", line 1547, in request
    raise APITimeoutError(request=request) from err
openai.APITimeoutError: Request timed out.

During handling of the above exception, another exception occurred:

Traceback (most recent call last):
  File "/home/granite/adk_test/adk_venv/lib/python3.10/site-packages/litellm/main.py", line 595, in acompletion
    response = await init_response
  File "/home/granite/adk_test/adk_venv/lib/python3.10/site-packages/litellm/llms/openai/openai.py", line 870, in acompletion
    raise OpenAIError(
litellm.llms.openai.common_utils.OpenAIError: Request timed out. - timeout value=180.0, time taken=591.0 seconds

During handling of the above exception, another exception occurred:

Traceback (most recent call last):
  File "/home/granite/adk_test/adk_venv/lib/python3.10/site-packages/graphrag/language_model/providers/litellm/services/retry/exponential_retry.py", line 71, in aretry
    return await func(**kwargs)
  File "/home/granite/adk_test/adk_venv/lib/python3.10/site-packages/graphrag/language_model/providers/litellm/chat_model.py", line 109, in _base_acompletion
    return await acompletion(**new_args)
  File "/home/granite/adk_test/adk_venv/lib/python3.10/site-packages/litellm/utils.py", line 1632, in wrapper_async
    raise e
  File "/home/granite/adk_test/adk_venv/lib/python3.10/site-packages/litellm/utils.py", line 1478, in wrapper_async
    result = await original_function(*args, **kwargs)
  File "/home/granite/adk_test/adk_venv/lib/python3.10/site-packages/litellm/main.py", line 614, in acompletion
    raise exception_type(
  File "/home/granite/adk_test/adk_venv/lib/python3.10/site-packages/litellm/litellm_core_utils/exception_mapping_utils.py", line 2273, in exception_type
    raise e
  File "/home/granite/adk_test/adk_venv/lib/python3.10/site-packages/litellm/litellm_core_utils/exception_mapping_utils.py", line 280, in exception_type
    raise Timeout(
litellm.exceptions.Timeout: litellm.Timeout: APITimeoutError - Request timed out. Error_str: Request timed out. - timeout value=180.0, time taken=591.0 seconds
2025-11-01 20:20:30.0124 - ERROR - graphrag.language_model.providers.litellm.services.retry.exponential_retry - ExponentialRetry: Request failed, retrying, retries=1, delay=2.0, max_retries=10, exception=litellm.Timeout: APITimeoutError - Request timed out. Error_str: Request timed out. - timeout value=180.0, time taken=591.1 seconds
Traceback (most recent call last):
  File "/home/granite/adk_test/adk_venv/lib/python3.10/site-packages/litellm/llms/custom_httpx/aiohttp_transport.py", line 59, in map_aiohttp_exceptions
    yield
  File "/home/granite/adk_test/adk_venv/lib/python3.10/site-packages/litellm/llms/custom_httpx/aiohttp_transport.py", line 272, in handle_async_request
    response = await self._make_aiohttp_request(
  File "/home/granite/adk_test/adk_venv/lib/python3.10/site-packages/litellm/llms/custom_httpx/aiohttp_transport.py", line 239, in _make_aiohttp_request
    response = await client_session.request(
  File "/home/granite/adk_test/adk_venv/lib/python3.10/site-packages/aiohttp/client.py", line 1488, in __aenter__
    self._resp: _RetType = await self._coro
  File "/home/granite/adk_test/adk_venv/lib/python3.10/site-packages/aiohttp/client.py", line 770, in _request
    resp = await handler(req)
  File "/home/granite/adk_test/adk_venv/lib/python3.10/site-packages/aiohttp/client.py", line 748, in _connect_and_send_request
    await resp.start(conn)
  File "/home/granite/adk_test/adk_venv/lib/python3.10/site-packages/aiohttp/client_reqrep.py", line 532, in start
    message, payload = await protocol.read()  # type: ignore[union-attr]
  File "/home/granite/adk_test/adk_venv/lib/python3.10/site-packages/aiohttp/streams.py", line 672, in read
    await self._waiter
aiohttp.client_exceptions.SocketTimeoutError: Timeout on reading data from socket

The above exception was the direct cause of the following exception:

Traceback (most recent call last):
  File "/home/granite/adk_test/adk_venv/lib/python3.10/site-packages/openai/_base_client.py", line 1529, in request
    response = await self._client.send(
  File "/home/granite/adk_test/adk_venv/lib/python3.10/site-packages/httpx/_client.py", line 1629, in send
    response = await self._send_handling_auth(
  File "/home/granite/adk_test/adk_venv/lib/python3.10/site-packages/httpx/_client.py", line 1657, in _send_handling_auth
    response = await self._send_handling_redirects(
  File "/home/granite/adk_test/adk_venv/lib/python3.10/site-packages/httpx/_client.py", line 1694, in _send_handling_redirects
    response = await self._send_single_request(request)
  File "/home/granite/adk_test/adk_venv/lib/python3.10/site-packages/httpx/_client.py", line 1730, in _send_single_request
    response = await transport.handle_async_request(request)
  File "/home/granite/adk_test/adk_venv/lib/python3.10/site-packages/litellm/llms/custom_httpx/aiohttp_transport.py", line 271, in handle_async_request
    with map_aiohttp_exceptions():
  File "/usr/lib/python3.10/contextlib.py", line 153, in __exit__
    self.gen.throw(typ, value, traceback)
  File "/home/granite/adk_test/adk_venv/lib/python3.10/site-packages/litellm/llms/custom_httpx/aiohttp_transport.py", line 73, in map_aiohttp_exceptions
    raise mapped_exc(message) from exc
httpx.ReadTimeout: Timeout on reading data from socket

The above exception was the direct cause of the following exception:

Traceback (most recent call last):
  File "/home/granite/adk_test/adk_venv/lib/python3.10/site-packages/litellm/llms/openai/openai.py", line 823, in acompletion
    headers, response = await self.make_openai_chat_completion_request(
  File "/home/granite/adk_test/adk_venv/lib/python3.10/site-packages/litellm/litellm_core_utils/logging_utils.py", line 190, in async_wrapper
    result = await func(*args, **kwargs)
  File "/home/granite/adk_test/adk_venv/lib/python3.10/site-packages/litellm/llms/openai/openai.py", line 452, in make_openai_chat_completion_request
    raise e
  File "/home/granite/adk_test/adk_venv/lib/python3.10/site-packages/litellm/llms/openai/openai.py", line 436, in make_openai_chat_completion_request
    await openai_aclient.chat.completions.with_raw_response.create(
  File "/home/granite/adk_test/adk_venv/lib/python3.10/site-packages/openai/_legacy_response.py", line 381, in wrapped
    return cast(LegacyAPIResponse[R], await func(*args, **kwargs))
  File "/home/granite/adk_test/adk_venv/lib/python3.10/site-packages/openai/resources/chat/completions/completions.py", line 2583, in create
    return await self._post(
  File "/home/granite/adk_test/adk_venv/lib/python3.10/site-packages/openai/_base_client.py", line 1794, in post
    return await self.request(cast_to, opts, stream=stream, stream_cls=stream_cls)
  File "/home/granite/adk_test/adk_venv/lib/python3.10/site-packages/openai/_base_client.py", line 1547, in request
    raise APITimeoutError(request=request) from err
openai.APITimeoutError: Request timed out.

During handling of the above exception, another exception occurred:

Traceback (most recent call last):
  File "/home/granite/adk_test/adk_venv/lib/python3.10/site-packages/litellm/main.py", line 595, in acompletion
    response = await init_response
  File "/home/granite/adk_test/adk_venv/lib/python3.10/site-packages/litellm/llms/openai/openai.py", line 870, in acompletion
    raise OpenAIError(
litellm.llms.openai.common_utils.OpenAIError: Request timed out. - timeout value=180.0, time taken=591.1 seconds

During handling of the above exception, another exception occurred:

Traceback (most recent call last):
  File "/home/granite/adk_test/adk_venv/lib/python3.10/site-packages/graphrag/language_model/providers/litellm/services/retry/exponential_retry.py", line 71, in aretry
    return await func(**kwargs)
  File "/home/granite/adk_test/adk_venv/lib/python3.10/site-packages/graphrag/language_model/providers/litellm/chat_model.py", line 109, in _base_acompletion
    return await acompletion(**new_args)
  File "/home/granite/adk_test/adk_venv/lib/python3.10/site-packages/litellm/utils.py", line 1632, in wrapper_async
    raise e
  File "/home/granite/adk_test/adk_venv/lib/python3.10/site-packages/litellm/utils.py", line 1478, in wrapper_async
    result = await original_function(*args, **kwargs)
  File "/home/granite/adk_test/adk_venv/lib/python3.10/site-packages/litellm/main.py", line 614, in acompletion
    raise exception_type(
  File "/home/granite/adk_test/adk_venv/lib/python3.10/site-packages/litellm/litellm_core_utils/exception_mapping_utils.py", line 2273, in exception_type
    raise e
  File "/home/granite/adk_test/adk_venv/lib/python3.10/site-packages/litellm/litellm_core_utils/exception_mapping_utils.py", line 280, in exception_type
    raise Timeout(
litellm.exceptions.Timeout: litellm.Timeout: APITimeoutError - Request timed out. Error_str: Request timed out. - timeout value=180.0, time taken=591.1 seconds
2025-11-01 20:20:46.0586 - INFO - graphrag.api.prompt_tune - Generating entity extraction prompt...
2025-11-01 20:20:46.0588 - INFO - graphrag.api.prompt_tune - Generating entity summarization prompt...
2025-11-01 20:20:46.0588 - INFO - graphrag.api.prompt_tune - Generating community reporter role...
2025-11-01 20:20:56.0596 - INFO - graphrag.cli.prompt_tune - Starting prompt tune.
2025-11-01 20:20:56.0597 - INFO - graphrag.cli.prompt_tune - Using default configuration: {
    "root_dir": "/home/granite/adk_test/generated_text_docs",
    "models": {
        "default_chat_model": {
            "api_key": "==== REDACTED ====",
            "auth_type": "api_key",
            "type": "chat",
            "model_provider": "openai",
            "model": "qwen3:14b",
            "encoding_model": "",
            "api_base": "http://localhost:11434/v1",
            "api_version": null,
            "deployment_name": null,
            "proxy": null,
            "audience": null,
            "model_supports_json": true,
            "request_timeout": 180.0,
            "tokens_per_minute": null,
            "requests_per_minute": null,
            "rate_limit_strategy": "static",
            "retry_strategy": "exponential_backoff",
            "max_retries": 10,
            "max_retry_wait": 10.0,
            "concurrent_requests": 5,
            "async_mode": "threaded",
            "responses": null,
            "max_tokens": null,
            "temperature": 0,
            "max_completion_tokens": null,
            "reasoning_effort": null,
            "top_p": 1,
            "n": 1,
            "frequency_penalty": 0.0,
            "presence_penalty": 0.0
        },
        "default_embedding_model": {
            "api_key": "==== REDACTED ====",
            "auth_type": "api_key",
            "type": "embedding",
            "model_provider": "openai",
            "model": "nomic-embed-text",
            "encoding_model": "",
            "api_base": "http://localhost:11434/v1",
            "api_version": null,
            "deployment_name": null,
            "proxy": null,
            "audience": null,
            "model_supports_json": null,
            "request_timeout": 180.0,
            "tokens_per_minute": null,
            "requests_per_minute": null,
            "rate_limit_strategy": "static",
            "retry_strategy": "exponential_backoff",
            "max_retries": 10,
            "max_retry_wait": 10.0,
            "concurrent_requests": 25,
            "async_mode": "threaded",
            "responses": null,
            "max_tokens": null,
            "temperature": 0,
            "max_completion_tokens": null,
            "reasoning_effort": null,
            "top_p": 1,
            "n": 1,
            "frequency_penalty": 0.0,
            "presence_penalty": 0.0
        }
    },
    "input": {
        "storage": {
            "type": "file",
            "base_dir": "/home/granite/adk_test/generated_text_docs/input",
            "storage_account_blob_url": null,
            "cosmosdb_account_url": null
        },
        "file_type": "text",
        "encoding": "utf-8",
        "file_pattern": ".*\\.txt$",
        "file_filter": null,
        "text_column": "text",
        "title_column": null,
        "metadata": null
    },
    "chunks": {
        "size": 1200,
        "overlap": 100,
        "group_by_columns": [
            "id"
        ],
        "strategy": "tokens",
        "encoding_model": "cl100k_base",
        "prepend_metadata": false,
        "chunk_size_includes_metadata": false
    },
    "output": {
        "type": "file",
        "base_dir": "/home/granite/adk_test/generated_text_docs/output",
        "storage_account_blob_url": null,
        "cosmosdb_account_url": null
    },
    "outputs": null,
    "update_index_output": {
        "type": "file",
        "base_dir": "/home/granite/adk_test/generated_text_docs/update_output",
        "storage_account_blob_url": null,
        "cosmosdb_account_url": null
    },
    "cache": {
        "type": "file",
        "base_dir": "cache",
        "storage_account_blob_url": null,
        "cosmosdb_account_url": null
    },
    "reporting": {
        "type": "file",
        "base_dir": "/home/granite/adk_test/generated_text_docs/logs",
        "storage_account_blob_url": null
    },
    "vector_store": {
        "default_vector_store": {
            "type": "lancedb",
            "db_uri": "/home/granite/adk_test/generated_text_docs/output/lancedb",
            "url": null,
            "audience": null,
            "container_name": "==== REDACTED ====",
            "database_name": null,
            "overwrite": true,
            "embeddings_schema": {}
        }
    },
    "workflows": null,
    "embed_text": {
        "model_id": "default_embedding_model",
        "vector_store_id": "default_vector_store",
        "batch_size": 16,
        "batch_max_tokens": 8191,
        "names": [
            "entity.description",
            "community.full_content",
            "text_unit.text"
        ],
        "strategy": null
    },
    "extract_graph": {
        "model_id": "default_chat_model",
        "prompt": "prompts/extract_graph.txt",
        "entity_types": [
            "organization",
            "person",
            "geo",
            "event"
        ],
        "max_gleanings": 1,
        "strategy": null
    },
    "summarize_descriptions": {
        "model_id": "default_chat_model",
        "prompt": "prompts/summarize_descriptions.txt",
        "max_length": 500,
        "max_input_tokens": 4000,
        "strategy": null
    },
    "extract_graph_nlp": {
        "normalize_edge_weights": true,
        "text_analyzer": {
            "extractor_type": "regex_english",
            "model_name": "en_core_web_md",
            "max_word_length": 15,
            "word_delimiter": " ",
            "include_named_entities": true,
            "exclude_nouns": [
                "stuff",
                "thing",
                "things",
                "bunch",
                "bit",
                "bits",
                "people",
                "person",
                "okay",
                "hey",
                "hi",
                "hello",
                "laughter",
                "oh"
            ],
            "exclude_entity_tags": [
                "DATE"
            ],
            "exclude_pos_tags": [
                "DET",
                "PRON",
                "INTJ",
                "X"
            ],
            "noun_phrase_tags": [
                "PROPN",
                "NOUNS"
            ],
            "noun_phrase_grammars": {
                "PROPN,PROPN": "PROPN",
                "NOUN,NOUN": "NOUNS",
                "NOUNS,NOUN": "NOUNS",
                "ADJ,ADJ": "ADJ",
                "ADJ,NOUN": "NOUNS"
            }
        },
        "concurrent_requests": 25,
        "async_mode": "threaded"
    },
    "prune_graph": {
        "min_node_freq": 2,
        "max_node_freq_std": null,
        "min_node_degree": 1,
        "max_node_degree_std": null,
        "min_edge_weight_pct": 40.0,
        "remove_ego_nodes": true,
        "lcc_only": false
    },
    "cluster_graph": {
        "max_cluster_size": 10,
        "use_lcc": true,
        "seed": 3735928559
    },
    "extract_claims": {
        "enabled": false,
        "model_id": "default_chat_model",
        "prompt": "prompts/extract_claims.txt",
        "description": "Any claims or facts that could be relevant to information discovery.",
        "max_gleanings": 1,
        "strategy": null
    },
    "community_reports": {
        "model_id": "default_chat_model",
        "graph_prompt": "prompts/community_report_graph.txt",
        "text_prompt": "prompts/community_report_text.txt",
        "max_length": 2000,
        "max_input_length": 8000,
        "strategy": null
    },
    "embed_graph": {
        "enabled": false,
        "dimensions": 1536,
        "num_walks": 10,
        "walk_length": 40,
        "window_size": 2,
        "iterations": 3,
        "random_seed": 597832,
        "use_lcc": true
    },
    "umap": {
        "enabled": false
    },
    "snapshots": {
        "embeddings": false,
        "graphml": false,
        "raw_graph": false
    },
    "local_search": {
        "prompt": "prompts/local_search_system_prompt.txt",
        "chat_model_id": "default_chat_model",
        "embedding_model_id": "default_embedding_model",
        "text_unit_prop": 0.5,
        "community_prop": 0.15,
        "conversation_history_max_turns": 5,
        "top_k_entities": 10,
        "top_k_relationships": 10,
        "max_context_tokens": 12000
    },
    "global_search": {
        "map_prompt": "prompts/global_search_map_system_prompt.txt",
        "reduce_prompt": "prompts/global_search_reduce_system_prompt.txt",
        "chat_model_id": "default_chat_model",
        "knowledge_prompt": "prompts/global_search_knowledge_system_prompt.txt",
        "max_context_tokens": 12000,
        "data_max_tokens": 12000,
        "map_max_length": 1000,
        "reduce_max_length": 2000,
        "dynamic_search_threshold": 1,
        "dynamic_search_keep_parent": false,
        "dynamic_search_num_repeats": 1,
        "dynamic_search_use_summary": false,
        "dynamic_search_max_level": 2
    },
    "drift_search": {
        "prompt": "prompts/drift_search_system_prompt.txt",
        "reduce_prompt": "prompts/drift_search_reduce_prompt.txt",
        "chat_model_id": "default_chat_model",
        "embedding_model_id": "default_embedding_model",
        "data_max_tokens": 12000,
        "reduce_max_tokens": null,
        "reduce_temperature": 0,
        "reduce_max_completion_tokens": null,
        "concurrency": 32,
        "drift_k_followups": 20,
        "primer_folds": 5,
        "primer_llm_max_tokens": 12000,
        "n_depth": 3,
        "local_search_text_unit_prop": 0.9,
        "local_search_community_prop": 0.1,
        "local_search_top_k_mapped_entities": 10,
        "local_search_top_k_relationships": 10,
        "local_search_max_data_tokens": 12000,
        "local_search_temperature": 0,
        "local_search_top_p": 1,
        "local_search_n": 1,
        "local_search_llm_max_gen_tokens": null,
        "local_search_llm_max_gen_completion_tokens": null
    },
    "basic_search": {
        "prompt": "prompts/basic_search_system_prompt.txt",
        "chat_model_id": "default_chat_model",
        "embedding_model_id": "default_embedding_model",
        "k": 10,
        "max_context_tokens": 12000
    }
}
2025-11-01 20:20:56.0597 - INFO - graphrag.api.prompt_tune - Chunking documents...
2025-11-01 20:20:56.0597 - INFO - graphrag.storage.file_pipeline_storage - Creating file storage at /home/granite/adk_test/generated_text_docs/input
2025-11-01 20:20:56.0598 - INFO - graphrag.index.input.factory - loading input from root_dir=/home/granite/adk_test/generated_text_docs/input
2025-11-01 20:20:56.0598 - INFO - graphrag.index.input.factory - Loading Input InputFileType.text
2025-11-01 20:20:56.0598 - INFO - graphrag.storage.file_pipeline_storage - search /home/granite/adk_test/generated_text_docs/input for files matching .*\.txt$
2025-11-01 20:20:56.0610 - INFO - graphrag.index.input.util - Found 9 InputFileType.text files, loading 9
2025-11-01 20:20:56.0611 - INFO - graphrag.index.input.util - Total number of unfiltered text rows: 9
2025-11-01 20:20:56.0615 - INFO - graphrag.index.workflows.create_base_text_units - Starting chunking process for 9 documents
2025-11-01 20:20:56.0617 - INFO - graphrag.index.workflows.create_base_text_units - chunker progress:  1/9
2025-11-01 20:20:56.0618 - INFO - graphrag.index.workflows.create_base_text_units - chunker progress:  2/9
2025-11-01 20:20:56.0620 - INFO - graphrag.index.workflows.create_base_text_units - chunker progress:  3/9
2025-11-01 20:20:56.0621 - INFO - graphrag.index.workflows.create_base_text_units - chunker progress:  4/9
2025-11-01 20:20:56.0622 - INFO - graphrag.index.workflows.create_base_text_units - chunker progress:  5/9
2025-11-01 20:20:56.0623 - INFO - graphrag.index.workflows.create_base_text_units - chunker progress:  6/9
2025-11-01 20:20:56.0624 - INFO - graphrag.index.workflows.create_base_text_units - chunker progress:  7/9
2025-11-01 20:20:56.0626 - INFO - graphrag.index.workflows.create_base_text_units - chunker progress:  8/9
2025-11-01 20:20:56.0627 - INFO - graphrag.index.workflows.create_base_text_units - chunker progress:  9/9
2025-11-01 20:20:56.0631 - INFO - graphrag.api.prompt_tune - Retrieving language model configuration...
2025-11-01 20:20:56.0631 - INFO - graphrag.api.prompt_tune - Creating language model...
2025-11-01 20:20:56.0632 - INFO - graphrag.api.prompt_tune - Generating domain...
2025-11-01 20:22:51.0981 - INFO - graphrag.api.prompt_tune - Detecting language...
2025-11-01 20:23:37.0114 - INFO - graphrag.api.prompt_tune - Generating persona...
2025-11-01 20:24:07.0797 - INFO - graphrag.api.prompt_tune - Generating community report ranking description...
2025-11-01 20:26:27.0579 - INFO - graphrag.api.prompt_tune - Generating entity types...
2025-11-01 20:28:00.0239 - INFO - graphrag.api.prompt_tune - Generating entity relationship examples...
2025-11-01 20:31:19.0056 - INFO - graphrag.cli.prompt_tune - Starting prompt tune.
2025-11-01 20:31:19.0057 - INFO - graphrag.cli.prompt_tune - Using default configuration: {
    "root_dir": "/home/granite/adk_test/generated_text_docs",
    "models": {
        "default_chat_model": {
            "api_key": "==== REDACTED ====",
            "auth_type": "api_key",
            "type": "chat",
            "model_provider": "openai",
            "model": "qwen3:14b",
            "encoding_model": "",
            "api_base": "http://localhost:11434/v1",
            "api_version": null,
            "deployment_name": null,
            "proxy": null,
            "audience": null,
            "model_supports_json": true,
            "request_timeout": 180.0,
            "tokens_per_minute": null,
            "requests_per_minute": null,
            "rate_limit_strategy": "static",
            "retry_strategy": "exponential_backoff",
            "max_retries": 10,
            "max_retry_wait": 10.0,
            "concurrent_requests": 5,
            "async_mode": "threaded",
            "responses": null,
            "max_tokens": null,
            "temperature": 0,
            "max_completion_tokens": null,
            "reasoning_effort": null,
            "top_p": 1,
            "n": 1,
            "frequency_penalty": 0.0,
            "presence_penalty": 0.0
        },
        "default_embedding_model": {
            "api_key": "==== REDACTED ====",
            "auth_type": "api_key",
            "type": "embedding",
            "model_provider": "openai",
            "model": "nomic-embed-text",
            "encoding_model": "",
            "api_base": "http://localhost:11434/v1",
            "api_version": null,
            "deployment_name": null,
            "proxy": null,
            "audience": null,
            "model_supports_json": null,
            "request_timeout": 180.0,
            "tokens_per_minute": null,
            "requests_per_minute": null,
            "rate_limit_strategy": "static",
            "retry_strategy": "exponential_backoff",
            "max_retries": 10,
            "max_retry_wait": 10.0,
            "concurrent_requests": 25,
            "async_mode": "threaded",
            "responses": null,
            "max_tokens": null,
            "temperature": 0,
            "max_completion_tokens": null,
            "reasoning_effort": null,
            "top_p": 1,
            "n": 1,
            "frequency_penalty": 0.0,
            "presence_penalty": 0.0
        }
    },
    "input": {
        "storage": {
            "type": "file",
            "base_dir": "/home/granite/adk_test/generated_text_docs/input",
            "storage_account_blob_url": null,
            "cosmosdb_account_url": null
        },
        "file_type": "text",
        "encoding": "utf-8",
        "file_pattern": ".*\\.txt$",
        "file_filter": null,
        "text_column": "text",
        "title_column": null,
        "metadata": null
    },
    "chunks": {
        "size": 1200,
        "overlap": 100,
        "group_by_columns": [
            "id"
        ],
        "strategy": "tokens",
        "encoding_model": "cl100k_base",
        "prepend_metadata": false,
        "chunk_size_includes_metadata": false
    },
    "output": {
        "type": "file",
        "base_dir": "/home/granite/adk_test/generated_text_docs/output",
        "storage_account_blob_url": null,
        "cosmosdb_account_url": null
    },
    "outputs": null,
    "update_index_output": {
        "type": "file",
        "base_dir": "/home/granite/adk_test/generated_text_docs/update_output",
        "storage_account_blob_url": null,
        "cosmosdb_account_url": null
    },
    "cache": {
        "type": "file",
        "base_dir": "cache",
        "storage_account_blob_url": null,
        "cosmosdb_account_url": null
    },
    "reporting": {
        "type": "file",
        "base_dir": "/home/granite/adk_test/generated_text_docs/logs",
        "storage_account_blob_url": null
    },
    "vector_store": {
        "default_vector_store": {
            "type": "lancedb",
            "db_uri": "/home/granite/adk_test/generated_text_docs/output/lancedb",
            "url": null,
            "audience": null,
            "container_name": "==== REDACTED ====",
            "database_name": null,
            "overwrite": true,
            "embeddings_schema": {}
        }
    },
    "workflows": null,
    "embed_text": {
        "model_id": "default_embedding_model",
        "vector_store_id": "default_vector_store",
        "batch_size": 16,
        "batch_max_tokens": 8191,
        "names": [
            "entity.description",
            "community.full_content",
            "text_unit.text"
        ],
        "strategy": null
    },
    "extract_graph": {
        "model_id": "default_chat_model",
        "prompt": "prompts/extract_graph.txt",
        "entity_types": [
            "organization",
            "person",
            "geo",
            "event"
        ],
        "max_gleanings": 1,
        "strategy": null
    },
    "summarize_descriptions": {
        "model_id": "default_chat_model",
        "prompt": "prompts/summarize_descriptions.txt",
        "max_length": 500,
        "max_input_tokens": 4000,
        "strategy": null
    },
    "extract_graph_nlp": {
        "normalize_edge_weights": true,
        "text_analyzer": {
            "extractor_type": "regex_english",
            "model_name": "en_core_web_md",
            "max_word_length": 15,
            "word_delimiter": " ",
            "include_named_entities": true,
            "exclude_nouns": [
                "stuff",
                "thing",
                "things",
                "bunch",
                "bit",
                "bits",
                "people",
                "person",
                "okay",
                "hey",
                "hi",
                "hello",
                "laughter",
                "oh"
            ],
            "exclude_entity_tags": [
                "DATE"
            ],
            "exclude_pos_tags": [
                "DET",
                "PRON",
                "INTJ",
                "X"
            ],
            "noun_phrase_tags": [
                "PROPN",
                "NOUNS"
            ],
            "noun_phrase_grammars": {
                "PROPN,PROPN": "PROPN",
                "NOUN,NOUN": "NOUNS",
                "NOUNS,NOUN": "NOUNS",
                "ADJ,ADJ": "ADJ",
                "ADJ,NOUN": "NOUNS"
            }
        },
        "concurrent_requests": 25,
        "async_mode": "threaded"
    },
    "prune_graph": {
        "min_node_freq": 2,
        "max_node_freq_std": null,
        "min_node_degree": 1,
        "max_node_degree_std": null,
        "min_edge_weight_pct": 40.0,
        "remove_ego_nodes": true,
        "lcc_only": false
    },
    "cluster_graph": {
        "max_cluster_size": 10,
        "use_lcc": true,
        "seed": 3735928559
    },
    "extract_claims": {
        "enabled": false,
        "model_id": "default_chat_model",
        "prompt": "prompts/extract_claims.txt",
        "description": "Any claims or facts that could be relevant to information discovery.",
        "max_gleanings": 1,
        "strategy": null
    },
    "community_reports": {
        "model_id": "default_chat_model",
        "graph_prompt": "prompts/community_report_graph.txt",
        "text_prompt": "prompts/community_report_text.txt",
        "max_length": 2000,
        "max_input_length": 8000,
        "strategy": null
    },
    "embed_graph": {
        "enabled": false,
        "dimensions": 1536,
        "num_walks": 10,
        "walk_length": 40,
        "window_size": 2,
        "iterations": 3,
        "random_seed": 597832,
        "use_lcc": true
    },
    "umap": {
        "enabled": false
    },
    "snapshots": {
        "embeddings": false,
        "graphml": false,
        "raw_graph": false
    },
    "local_search": {
        "prompt": "prompts/local_search_system_prompt.txt",
        "chat_model_id": "default_chat_model",
        "embedding_model_id": "default_embedding_model",
        "text_unit_prop": 0.5,
        "community_prop": 0.15,
        "conversation_history_max_turns": 5,
        "top_k_entities": 10,
        "top_k_relationships": 10,
        "max_context_tokens": 12000
    },
    "global_search": {
        "map_prompt": "prompts/global_search_map_system_prompt.txt",
        "reduce_prompt": "prompts/global_search_reduce_system_prompt.txt",
        "chat_model_id": "default_chat_model",
        "knowledge_prompt": "prompts/global_search_knowledge_system_prompt.txt",
        "max_context_tokens": 12000,
        "data_max_tokens": 12000,
        "map_max_length": 1000,
        "reduce_max_length": 2000,
        "dynamic_search_threshold": 1,
        "dynamic_search_keep_parent": false,
        "dynamic_search_num_repeats": 1,
        "dynamic_search_use_summary": false,
        "dynamic_search_max_level": 2
    },
    "drift_search": {
        "prompt": "prompts/drift_search_system_prompt.txt",
        "reduce_prompt": "prompts/drift_search_reduce_prompt.txt",
        "chat_model_id": "default_chat_model",
        "embedding_model_id": "default_embedding_model",
        "data_max_tokens": 12000,
        "reduce_max_tokens": null,
        "reduce_temperature": 0,
        "reduce_max_completion_tokens": null,
        "concurrency": 32,
        "drift_k_followups": 20,
        "primer_folds": 5,
        "primer_llm_max_tokens": 12000,
        "n_depth": 3,
        "local_search_text_unit_prop": 0.9,
        "local_search_community_prop": 0.1,
        "local_search_top_k_mapped_entities": 10,
        "local_search_top_k_relationships": 10,
        "local_search_max_data_tokens": 12000,
        "local_search_temperature": 0,
        "local_search_top_p": 1,
        "local_search_n": 1,
        "local_search_llm_max_gen_tokens": null,
        "local_search_llm_max_gen_completion_tokens": null
    },
    "basic_search": {
        "prompt": "prompts/basic_search_system_prompt.txt",
        "chat_model_id": "default_chat_model",
        "embedding_model_id": "default_embedding_model",
        "k": 10,
        "max_context_tokens": 12000
    }
}
2025-11-01 20:31:19.0057 - INFO - graphrag.api.prompt_tune - Chunking documents...
2025-11-01 20:31:19.0057 - INFO - graphrag.storage.file_pipeline_storage - Creating file storage at /home/granite/adk_test/generated_text_docs/input
2025-11-01 20:31:19.0058 - INFO - graphrag.index.input.factory - loading input from root_dir=/home/granite/adk_test/generated_text_docs/input
2025-11-01 20:31:19.0058 - INFO - graphrag.index.input.factory - Loading Input InputFileType.text
2025-11-01 20:31:19.0058 - INFO - graphrag.storage.file_pipeline_storage - search /home/granite/adk_test/generated_text_docs/input for files matching .*\.txt$
2025-11-01 20:31:19.0064 - INFO - graphrag.index.input.util - Found 9 InputFileType.text files, loading 9
2025-11-01 20:31:19.0065 - INFO - graphrag.index.input.util - Total number of unfiltered text rows: 9
2025-11-01 20:31:19.0067 - INFO - graphrag.index.workflows.create_base_text_units - Starting chunking process for 9 documents
2025-11-01 20:31:19.0069 - INFO - graphrag.index.workflows.create_base_text_units - chunker progress:  1/9
2025-11-01 20:31:19.0069 - INFO - graphrag.index.workflows.create_base_text_units - chunker progress:  2/9
2025-11-01 20:31:19.0070 - INFO - graphrag.index.workflows.create_base_text_units - chunker progress:  3/9
2025-11-01 20:31:19.0071 - INFO - graphrag.index.workflows.create_base_text_units - chunker progress:  4/9
2025-11-01 20:31:19.0072 - INFO - graphrag.index.workflows.create_base_text_units - chunker progress:  5/9
2025-11-01 20:31:19.0072 - INFO - graphrag.index.workflows.create_base_text_units - chunker progress:  6/9
2025-11-01 20:31:19.0073 - INFO - graphrag.index.workflows.create_base_text_units - chunker progress:  7/9
2025-11-01 20:31:19.0074 - INFO - graphrag.index.workflows.create_base_text_units - chunker progress:  8/9
2025-11-01 20:31:19.0075 - INFO - graphrag.index.workflows.create_base_text_units - chunker progress:  9/9
2025-11-01 20:31:19.0077 - INFO - graphrag.api.prompt_tune - Retrieving language model configuration...
2025-11-01 20:31:19.0077 - INFO - graphrag.api.prompt_tune - Creating language model...
2025-11-01 20:31:19.0077 - INFO - graphrag.api.prompt_tune - Generating domain...
2025-11-01 20:31:53.0088 - INFO - graphrag.api.prompt_tune - Detecting language...
2025-11-01 20:32:01.0543 - INFO - graphrag.api.prompt_tune - Generating persona...
2025-11-01 20:32:13.0662 - INFO - graphrag.api.prompt_tune - Generating community report ranking description...
2025-11-01 20:32:57.0312 - INFO - graphrag.api.prompt_tune - Generating entity types...
2025-11-01 20:33:23.0832 - INFO - graphrag.api.prompt_tune - Generating entity relationship examples...
2025-11-01 20:35:38.0059 - INFO - graphrag.api.prompt_tune - Generating entity extraction prompt...
2025-11-01 20:35:38.0062 - INFO - graphrag.api.prompt_tune - Generating entity summarization prompt...
2025-11-01 20:35:38.0062 - INFO - graphrag.api.prompt_tune - Generating community reporter role...
2025-11-01 20:36:34.0452 - INFO - graphrag.api.prompt_tune - Generating community summarization prompt...
2025-11-01 20:36:34.0453 - INFO - graphrag.cli.prompt_tune - Writing prompts to /home/granite/adk_test/prompts
2025-11-01 20:36:34.0455 - INFO - graphrag.cli.prompt_tune - Prompts written to /home/granite/adk_test/prompts
